<?xml version="1.0" encoding="UTF-8"?>
<!-- Generated by org.testng.reporters.JUnitReportReporter -->
<testsuite hostname="Lenovo-PC" failures="0" tests="5" name="com.restapi.testcases.Get_AllEmployeeDetails" time="0.026" errors="0" timestamp="2020-05-11T21:04:42 IST" skipped="0">
  <testcase classname="com.restapi.testcases.Get_AllEmployeeDetails" name="checkResponseBody" time="0.006"/>
  <testcase classname="com.restapi.testcases.Get_AllEmployeeDetails" name="checkstatusCode" time="0.002"/>
  <testcase classname="com.restapi.testcases.Get_AllEmployeeDetails" name="checkresponsetime" time="0.007"/>
  <testcase classname="com.restapi.testcases.Get_AllEmployeeDetails" name="checkCookies" time="0.009"/>
  <testcase classname="com.restapi.testcases.Get_AllEmployeeDetails" name="checkstatusLine" time="0.002"/>
</testsuite> <!-- com.restapi.testcases.Get_AllEmployeeDetails -->
