<?xml version="1.0" encoding="UTF-8"?>
<!-- Generated by org.testng.reporters.JUnitReportReporter -->
<testsuite hostname="Lenovo-PC" failures="0" tests="5" name="com.restapi.testcases.Post_EmployeeRecord" time="0.031" errors="0" timestamp="2020-05-11T21:04:42 IST" skipped="0">
  <testcase classname="com.restapi.testcases.Post_EmployeeRecord" name="checkResponseBody" time="0.015"/>
  <testcase classname="com.restapi.testcases.Post_EmployeeRecord" name="checkstatusCode" time="0.000"/>
  <testcase classname="com.restapi.testcases.Post_EmployeeRecord" name="checkCookies" time="0.000"/>
  <testcase classname="com.restapi.testcases.Post_EmployeeRecord" name="checkstatusLine" time="0.000"/>
  <testcase classname="com.restapi.testcases.Post_EmployeeRecord" name="checkresponsetime" time="0.016"/>
</testsuite> <!-- com.restapi.testcases.Post_EmployeeRecord -->
